<?xml version="1.0" encoding="UTF-8"?>
<!-- Generated by org.testng.reporters.JUnitXMLReporter -->
<testsuite hostname="ShreyaPradhan" ignored="0" name="Surefire test" tests="21" failures="4" timestamp="2022-02-20T22:24:28 NPT" time="342.802" errors="0">
  <testcase name="testMovieMetadataOnWebHasCorrectDirectorName" time="22.309" classname="com.qt.qualithon.test.MovieSearchTest"/>
  <testcase name="testMovieMetadataOnWebHasCorrectGenres" time="22.311" classname="com.qt.qualithon.test.MovieSearchTest"/>
  <testcase name="testMovieMetadataOnWebHasCorrectGenres" time="13.269" classname="com.qt.qualithon.test.MovieSearchTest"/>
  <testcase name="testMovieMetadataOnWebHasCorrectDirectorName" time="25.506" classname="com.qt.qualithon.test.MovieSearchTest"/>
  <testcase name="testMovieMetadataOnWebHasCorrectMaturityRating" time="13.299" classname="com.qt.qualithon.test.MovieSearchTest"/>
  <testcase name="testMovieMetadataOnWebHasCorrectMovieRatingScore" time="14.307" classname="com.qt.qualithon.test.MovieSearchTest"/>
  <testcase name="testMovieMetadataOnWebHasCorrectMaturityRating" time="13.883" classname="com.qt.qualithon.test.MovieSearchTest">
    <failure type="org.junit.ComparisonFailure" message="expected:&amp;lt;&amp;quot;[PG-13]&amp;quot;&amp;gt; but was:&amp;lt;&amp;quot;[12A]&amp;quot;&amp;gt;">
      <![CDATA[org.junit.ComparisonFailure: expected:<"[PG-13]"> but was:<"[12A]">
at com.qt.qualithon.test.MovieSearchTest.testMovieMetadataOnWebHasCorrectMaturityRating(MovieSearchTest.java:165)
at java.util.concurrent.ThreadPoolExecutor.runWorker(ThreadPoolExecutor.java:1149)
at java.util.concurrent.ThreadPoolExecutor$Worker.run(ThreadPoolExecutor.java:624)
at java.lang.Thread.run(Thread.java:748)
... Removed 15 stack frames]]>
    </failure>
  </testcase> <!-- testMovieMetadataOnWebHasCorrectMaturityRating -->
  <testcase name="testMovieMetadataOnWebHasCorrectMovieRatingScore" time="13.717" classname="com.qt.qualithon.test.MovieSearchTest"/>
  <testcase name="testMovieMetadataOnWebHasCorrectReleaseYear" time="14.152" classname="com.qt.qualithon.test.MovieSearchTest"/>
  <testcase name="testMovieMetadataOnWebHasCorrectWriters" time="14.581" classname="com.qt.qualithon.test.MovieSearchTest"/>
  <testcase name="testMovieMetadataOnWebHasCorrectReleaseYear" time="14.096" classname="com.qt.qualithon.test.MovieSearchTest"/>
  <testcase name="testMovieMetadataOnWebHasCorrectWriters" time="14.879" classname="com.qt.qualithon.test.MovieSearchTest"/>
  <testcase name="testSearchByExactMovieTitleReturnsMovieAsFirstResult" time="15.91" classname="com.qt.qualithon.test.MovieSearchTest"/>
  <testcase name="testSearchByExactMovieTitleReturnsMovieAsFirstResult" time="20.952" classname="com.qt.qualithon.test.MovieSearchTest"/>
  <testcase name="testMovieMetadataOnWebHasCorrectDirectorName" time="55.34" classname="com.qt.qualithon.test.RottenTomatoesMovieSearchTest"/>
  <testcase name="testMovieMetadataOnWebHasCorrectGenres" time="54.353" classname="com.qt.qualithon.test.RottenTomatoesMovieSearchTest">
    <failure type="java.lang.AssertionError" message="
Expecting ArrayList:
  [&amp;quot;Drama&amp;quot;, &amp;quot; Comedy&amp;quot;]
to contain only:
  [&amp;quot;Crime&amp;quot;, &amp;quot;Sci-Fi&amp;quot;]
element(s) not found:
  [&amp;quot;Crime&amp;quot;, &amp;quot;Sci-Fi&amp;quot;]
and element(s) not expected:
  [&amp;quot;Drama&amp;quot;, &amp;quot; Comedy&amp;quot;]
">
      <![CDATA[java.lang.AssertionError: 
Expecting ArrayList:
  ["Drama", " Comedy"]
to contain only:
  ["Crime", "Sci-Fi"]
element(s) not found:
  ["Crime", "Sci-Fi"]
and element(s) not expected:
  ["Drama", " Comedy"]

at com.qt.qualithon.test.RottenTomatoesMovieSearchTest.testMovieMetadataOnWebHasCorrectGenres(RottenTomatoesMovieSearchTest.java:141)
at java.util.concurrent.ThreadPoolExecutor.runWorker(ThreadPoolExecutor.java:1149)
at java.util.concurrent.ThreadPoolExecutor$Worker.run(ThreadPoolExecutor.java:624)
at java.lang.Thread.run(Thread.java:748)
... Removed 12 stack frames]]>
    </failure>
  </testcase> <!-- testMovieMetadataOnWebHasCorrectGenres -->
  <testcase name="testMovieMetadataOnWebHasCorrectMaturityRating" time="53.95" classname="com.qt.qualithon.test.RottenTomatoesMovieSearchTest">
    <failure type="org.junit.ComparisonFailure" message="expected:&amp;lt;&amp;quot;[X]&amp;quot;&amp;gt; but was:&amp;lt;&amp;quot;[R]&amp;quot;&amp;gt;">
      <![CDATA[org.junit.ComparisonFailure: expected:<"[X]"> but was:<"[R]">
at com.qt.qualithon.test.RottenTomatoesMovieSearchTest.testMovieMetadataOnWebHasCorrectMaturityRating(RottenTomatoesMovieSearchTest.java:160)
at java.util.concurrent.ThreadPoolExecutor.runWorker(ThreadPoolExecutor.java:1149)
at java.util.concurrent.ThreadPoolExecutor$Worker.run(ThreadPoolExecutor.java:624)
at java.lang.Thread.run(Thread.java:748)
... Removed 15 stack frames]]>
    </failure>
  </testcase> <!-- testMovieMetadataOnWebHasCorrectMaturityRating -->
  <testcase name="testMovieMetadataOnWebHasCorrectMovieRatingScore" time="54.939" classname="com.qt.qualithon.test.RottenTomatoesMovieSearchTest"/>
  <testcase name="testMovieMetadataOnWebHasCorrectReleaseYear" time="54.003" classname="com.qt.qualithon.test.RottenTomatoesMovieSearchTest"/>
  <testcase name="testMovieMetadataOnWebHasCorrectWriters" time="53.698" classname="com.qt.qualithon.test.RottenTomatoesMovieSearchTest">
    <failure type="java.lang.AssertionError" message="
Expecting ArrayList:
  [&amp;quot;Stanley Kubrick&amp;quot;]
to contain only:
  [&amp;quot;Stanley Kubrick&amp;quot;, &amp;quot;Anthony Burgess&amp;quot;]
but could not find the following element(s):
  [&amp;quot;Anthony Burgess&amp;quot;]
">
      <![CDATA[java.lang.AssertionError: 
Expecting ArrayList:
  ["Stanley Kubrick"]
to contain only:
  ["Stanley Kubrick", "Anthony Burgess"]
but could not find the following element(s):
  ["Anthony Burgess"]

at com.qt.qualithon.test.RottenTomatoesMovieSearchTest.testMovieMetadataOnWebHasCorrectWriters(RottenTomatoesMovieSearchTest.java:121)
at java.util.concurrent.ThreadPoolExecutor.runWorker(ThreadPoolExecutor.java:1149)
at java.util.concurrent.ThreadPoolExecutor$Worker.run(ThreadPoolExecutor.java:624)
at java.lang.Thread.run(Thread.java:748)
... Removed 12 stack frames]]>
    </failure>
  </testcase> <!-- testMovieMetadataOnWebHasCorrectWriters -->
  <testcase name="testSearchByExactMovieTitleReturnsMovieAsFirstResult" time="54.004" classname="com.qt.qualithon.test.RottenTomatoesMovieSearchTest"/>
</testsuite> <!-- Surefire test -->
