<html>
<head>
<title>TestNG:  Surefire test</title>
<link href="../testng.css" rel="stylesheet" type="text/css" />
<link href="../my-testng.css" rel="stylesheet" type="text/css" />

<style type="text/css">
.log { display: none;} 
.stack-trace { display: none;} 
</style>
<script type="text/javascript">
<!--
function flip(e) {
  current = e.style.display;
  if (current == 'block') {
    e.style.display = 'none';
    return 0;
  }
  else {
    e.style.display = 'block';
    return 1;
  }
}

function toggleBox(szDivId, elem, msg1, msg2)
{
  var res = -1;  if (document.getElementById) {
    res = flip(document.getElementById(szDivId));
  }
  else if (document.all) {
    // this is the way old msie versions work
    res = flip(document.all[szDivId]);
  }
  if(elem) {
    if(res == 0) elem.innerHTML = msg1; else elem.innerHTML = msg2;
  }

}

function toggleAllBoxes() {
  if (document.getElementsByTagName) {
    d = document.getElementsByTagName('div');
    for (i = 0; i < d.length; i++) {
      if (d[i].className == 'log') {
        flip(d[i]);
      }
    }
  }
}

// -->
</script>

</head>
<body>
<h2 align='center'>Surefire test</h2><table border='1' align="center">
<tr>
<td>Tests passed/Failed/Skipped:</td><td>17/4/0</td>
</tr><tr>
<td>Started on:</td><td>Sun Feb 20 22:18:45 NPT 2022</td>
</tr>
<tr><td>Total time:</td><td>342 seconds (342802 ms)</td>
</tr><tr>
<td>Included groups:</td><td></td>
</tr><tr>
<td>Excluded groups:</td><td></td>
</tr>
</table><p/>
<small><i>(Hover the method name to see the test class name)</i></small><p/>
<table width='100%' border='1' class='invocation-failed'>
<tr><td colspan='4' align='center'><b>FAILED TESTS</b></td></tr>
<tr><td><b>Test method</b></td>
<td width="30%"><b>Exception</b></td>
<td width="10%"><b>Time (seconds)</b></td>
<td><b>Instance</b></td>
</tr>
<tr>
<td title='com.qt.qualithon.test.RottenTomatoesMovieSearchTest.testMovieMetadataOnWebHasCorrectGenres()'><b>testMovieMetadataOnWebHasCorrectGenres</b><br>Test class: com.qt.qualithon.test.RottenTomatoesMovieSearchTest<br>Parameters: A Clockwork Orange</td>
<td><div><pre>java.lang.AssertionError: 
Expecting ArrayList:
  [&quot;Drama&quot;, &quot; Comedy&quot;]
to contain only:
  [&quot;Crime&quot;, &quot;Sci-Fi&quot;]
element(s) not found:
  [&quot;Crime&quot;, &quot;Sci-Fi&quot;]
and element(s) not expected:
  [&quot;Drama&quot;, &quot; Comedy&quot;]

	at com.qt.qualithon.test.RottenTomatoesMovieSearchTest.testMovieMetadataOnWebHasCorrectGenres(RottenTomatoesMovieSearchTest.java:141)
	at java.util.concurrent.ThreadPoolExecutor.runWorker(ThreadPoolExecutor.java:1149)
	at java.util.concurrent.ThreadPoolExecutor$Worker.run(ThreadPoolExecutor.java:624)
	at java.lang.Thread.run(Thread.java:748)
... Removed 12 stack frames</pre></div><a href='#' onClick='toggleBox("stack-trace257245168", this, "Click to show all stack frames", "Click to hide stack frames")'>Click to show all stack frames</a>
<div class='stack-trace' id='stack-trace257245168'><pre>java.lang.AssertionError: 
Expecting ArrayList:
  [&quot;Drama&quot;, &quot; Comedy&quot;]
to contain only:
  [&quot;Crime&quot;, &quot;Sci-Fi&quot;]
element(s) not found:
  [&quot;Crime&quot;, &quot;Sci-Fi&quot;]
and element(s) not expected:
  [&quot;Drama&quot;, &quot; Comedy&quot;]

	at com.qt.qualithon.test.RottenTomatoesMovieSearchTest.testMovieMetadataOnWebHasCorrectGenres(RottenTomatoesMovieSearchTest.java:141)
	at sun.reflect.NativeMethodAccessorImpl.invoke0(Native Method)
	at sun.reflect.NativeMethodAccessorImpl.invoke(NativeMethodAccessorImpl.java:62)
	at sun.reflect.DelegatingMethodAccessorImpl.invoke(DelegatingMethodAccessorImpl.java:43)
	at java.lang.reflect.Method.invoke(Method.java:498)
	at org.testng.internal.MethodInvocationHelper.invokeMethod(MethodInvocationHelper.java:132)
	at org.testng.internal.TestInvoker.invokeMethod(TestInvoker.java:599)
	at org.testng.internal.TestInvoker.invokeTestMethod(TestInvoker.java:174)
	at org.testng.internal.MethodRunner.runInSequence(MethodRunner.java:46)
	at org.testng.internal.TestInvoker$MethodInvocationAgent.invoke(TestInvoker.java:822)
	at org.testng.internal.TestInvoker.invokeTestMethods(TestInvoker.java:147)
	at org.testng.internal.TestMethodWorker.invokeTestMethods(TestMethodWorker.java:146)
	at org.testng.internal.TestMethodWorker.run(TestMethodWorker.java:128)
	at java.util.concurrent.ThreadPoolExecutor.runWorker(ThreadPoolExecutor.java:1149)
	at java.util.concurrent.ThreadPoolExecutor$Worker.run(ThreadPoolExecutor.java:624)
	at java.lang.Thread.run(Thread.java:748)
</pre></div></td>
<td>54</td>
<td>com.qt.qualithon.test.RottenTomatoesMovieSearchTest@72b6cbcc</td></tr>
<tr>
<td title='com.qt.qualithon.test.MovieSearchTest.testMovieMetadataOnWebHasCorrectMaturityRating()'><b>testMovieMetadataOnWebHasCorrectMaturityRating</b><br>Test class: com.qt.qualithon.test.MovieSearchTest<br>Parameters: The Dark Knight Rises</td>
<td><div><pre>org.junit.ComparisonFailure: expected:&lt;&quot;[PG-13]&quot;&gt; but was:&lt;&quot;[12A]&quot;&gt;
	at com.qt.qualithon.test.MovieSearchTest.testMovieMetadataOnWebHasCorrectMaturityRating(MovieSearchTest.java:165)
	at java.util.concurrent.ThreadPoolExecutor.runWorker(ThreadPoolExecutor.java:1149)
	at java.util.concurrent.ThreadPoolExecutor$Worker.run(ThreadPoolExecutor.java:624)
	at java.lang.Thread.run(Thread.java:748)
... Removed 15 stack frames</pre></div><a href='#' onClick='toggleBox("stack-trace1012582903", this, "Click to show all stack frames", "Click to hide stack frames")'>Click to show all stack frames</a>
<div class='stack-trace' id='stack-trace1012582903'><pre>org.junit.ComparisonFailure: expected:&lt;&quot;[PG-13]&quot;&gt; but was:&lt;&quot;[12A]&quot;&gt;
	at sun.reflect.NativeConstructorAccessorImpl.newInstance0(Native Method)
	at sun.reflect.NativeConstructorAccessorImpl.newInstance(NativeConstructorAccessorImpl.java:62)
	at sun.reflect.DelegatingConstructorAccessorImpl.newInstance(DelegatingConstructorAccessorImpl.java:45)
	at com.qt.qualithon.test.MovieSearchTest.testMovieMetadataOnWebHasCorrectMaturityRating(MovieSearchTest.java:165)
	at sun.reflect.NativeMethodAccessorImpl.invoke0(Native Method)
	at sun.reflect.NativeMethodAccessorImpl.invoke(NativeMethodAccessorImpl.java:62)
	at sun.reflect.DelegatingMethodAccessorImpl.invoke(DelegatingMethodAccessorImpl.java:43)
	at java.lang.reflect.Method.invoke(Method.java:498)
	at org.testng.internal.MethodInvocationHelper.invokeMethod(MethodInvocationHelper.java:132)
	at org.testng.internal.TestInvoker.invokeMethod(TestInvoker.java:599)
	at org.testng.internal.TestInvoker.invokeTestMethod(TestInvoker.java:174)
	at org.testng.internal.MethodRunner.runInSequence(MethodRunner.java:46)
	at org.testng.internal.TestInvoker$MethodInvocationAgent.invoke(TestInvoker.java:822)
	at org.testng.internal.TestInvoker.invokeTestMethods(TestInvoker.java:147)
	at org.testng.internal.TestMethodWorker.invokeTestMethods(TestMethodWorker.java:146)
	at org.testng.internal.TestMethodWorker.run(TestMethodWorker.java:128)
	at java.util.concurrent.ThreadPoolExecutor.runWorker(ThreadPoolExecutor.java:1149)
	at java.util.concurrent.ThreadPoolExecutor$Worker.run(ThreadPoolExecutor.java:624)
	at java.lang.Thread.run(Thread.java:748)
</pre></div></td>
<td>13</td>
<td>com.qt.qualithon.test.MovieSearchTest@6737fd8f</td></tr>
<tr>
<td title='com.qt.qualithon.test.RottenTomatoesMovieSearchTest.testMovieMetadataOnWebHasCorrectMaturityRating()'><b>testMovieMetadataOnWebHasCorrectMaturityRating</b><br>Test class: com.qt.qualithon.test.RottenTomatoesMovieSearchTest<br>Parameters: A Clockwork Orange</td>
<td><div><pre>org.junit.ComparisonFailure: expected:&lt;&quot;[X]&quot;&gt; but was:&lt;&quot;[R]&quot;&gt;
	at com.qt.qualithon.test.RottenTomatoesMovieSearchTest.testMovieMetadataOnWebHasCorrectMaturityRating(RottenTomatoesMovieSearchTest.java:160)
	at java.util.concurrent.ThreadPoolExecutor.runWorker(ThreadPoolExecutor.java:1149)
	at java.util.concurrent.ThreadPoolExecutor$Worker.run(ThreadPoolExecutor.java:624)
	at java.lang.Thread.run(Thread.java:748)
... Removed 15 stack frames</pre></div><a href='#' onClick='toggleBox("stack-trace295078680", this, "Click to show all stack frames", "Click to hide stack frames")'>Click to show all stack frames</a>
<div class='stack-trace' id='stack-trace295078680'><pre>org.junit.ComparisonFailure: expected:&lt;&quot;[X]&quot;&gt; but was:&lt;&quot;[R]&quot;&gt;
	at sun.reflect.NativeConstructorAccessorImpl.newInstance0(Native Method)
	at sun.reflect.NativeConstructorAccessorImpl.newInstance(NativeConstructorAccessorImpl.java:62)
	at sun.reflect.DelegatingConstructorAccessorImpl.newInstance(DelegatingConstructorAccessorImpl.java:45)
	at com.qt.qualithon.test.RottenTomatoesMovieSearchTest.testMovieMetadataOnWebHasCorrectMaturityRating(RottenTomatoesMovieSearchTest.java:160)
	at sun.reflect.NativeMethodAccessorImpl.invoke0(Native Method)
	at sun.reflect.NativeMethodAccessorImpl.invoke(NativeMethodAccessorImpl.java:62)
	at sun.reflect.DelegatingMethodAccessorImpl.invoke(DelegatingMethodAccessorImpl.java:43)
	at java.lang.reflect.Method.invoke(Method.java:498)
	at org.testng.internal.MethodInvocationHelper.invokeMethod(MethodInvocationHelper.java:132)
	at org.testng.internal.TestInvoker.invokeMethod(TestInvoker.java:599)
	at org.testng.internal.TestInvoker.invokeTestMethod(TestInvoker.java:174)
	at org.testng.internal.MethodRunner.runInSequence(MethodRunner.java:46)
	at org.testng.internal.TestInvoker$MethodInvocationAgent.invoke(TestInvoker.java:822)
	at org.testng.internal.TestInvoker.invokeTestMethods(TestInvoker.java:147)
	at org.testng.internal.TestMethodWorker.invokeTestMethods(TestMethodWorker.java:146)
	at org.testng.internal.TestMethodWorker.run(TestMethodWorker.java:128)
	at java.util.concurrent.ThreadPoolExecutor.runWorker(ThreadPoolExecutor.java:1149)
	at java.util.concurrent.ThreadPoolExecutor$Worker.run(ThreadPoolExecutor.java:624)
	at java.lang.Thread.run(Thread.java:748)
</pre></div></td>
<td>53</td>
<td>com.qt.qualithon.test.RottenTomatoesMovieSearchTest@72b6cbcc</td></tr>
<tr>
<td title='com.qt.qualithon.test.RottenTomatoesMovieSearchTest.testMovieMetadataOnWebHasCorrectWriters()'><b>testMovieMetadataOnWebHasCorrectWriters</b><br>Test class: com.qt.qualithon.test.RottenTomatoesMovieSearchTest<br>Parameters: A Clockwork Orange</td>
<td><div><pre>java.lang.AssertionError: 
Expecting ArrayList:
  [&quot;Stanley Kubrick&quot;]
to contain only:
  [&quot;Stanley Kubrick&quot;, &quot;Anthony Burgess&quot;]
but could not find the following element(s):
  [&quot;Anthony Burgess&quot;]

	at com.qt.qualithon.test.RottenTomatoesMovieSearchTest.testMovieMetadataOnWebHasCorrectWriters(RottenTomatoesMovieSearchTest.java:121)
	at java.util.concurrent.ThreadPoolExecutor.runWorker(ThreadPoolExecutor.java:1149)
	at java.util.concurrent.ThreadPoolExecutor$Worker.run(ThreadPoolExecutor.java:624)
	at java.lang.Thread.run(Thread.java:748)
... Removed 12 stack frames</pre></div><a href='#' onClick='toggleBox("stack-trace763913842", this, "Click to show all stack frames", "Click to hide stack frames")'>Click to show all stack frames</a>
<div class='stack-trace' id='stack-trace763913842'><pre>java.lang.AssertionError: 
Expecting ArrayList:
  [&quot;Stanley Kubrick&quot;]
to contain only:
  [&quot;Stanley Kubrick&quot;, &quot;Anthony Burgess&quot;]
but could not find the following element(s):
  [&quot;Anthony Burgess&quot;]

	at com.qt.qualithon.test.RottenTomatoesMovieSearchTest.testMovieMetadataOnWebHasCorrectWriters(RottenTomatoesMovieSearchTest.java:121)
	at sun.reflect.NativeMethodAccessorImpl.invoke0(Native Method)
	at sun.reflect.NativeMethodAccessorImpl.invoke(NativeMethodAccessorImpl.java:62)
	at sun.reflect.DelegatingMethodAccessorImpl.invoke(DelegatingMethodAccessorImpl.java:43)
	at java.lang.reflect.Method.invoke(Method.java:498)
	at org.testng.internal.MethodInvocationHelper.invokeMethod(MethodInvocationHelper.java:132)
	at org.testng.internal.TestInvoker.invokeMethod(TestInvoker.java:599)
	at org.testng.internal.TestInvoker.invokeTestMethod(TestInvoker.java:174)
	at org.testng.internal.MethodRunner.runInSequence(MethodRunner.java:46)
	at org.testng.internal.TestInvoker$MethodInvocationAgent.invoke(TestInvoker.java:822)
	at org.testng.internal.TestInvoker.invokeTestMethods(TestInvoker.java:147)
	at org.testng.internal.TestMethodWorker.invokeTestMethods(TestMethodWorker.java:146)
	at org.testng.internal.TestMethodWorker.run(TestMethodWorker.java:128)
	at java.util.concurrent.ThreadPoolExecutor.runWorker(ThreadPoolExecutor.java:1149)
	at java.util.concurrent.ThreadPoolExecutor$Worker.run(ThreadPoolExecutor.java:624)
	at java.lang.Thread.run(Thread.java:748)
</pre></div></td>
<td>53</td>
<td>com.qt.qualithon.test.RottenTomatoesMovieSearchTest@72b6cbcc</td></tr>
</table><p>
<table width='100%' border='1' class='invocation-passed'>
<tr><td colspan='4' align='center'><b>PASSED TESTS</b></td></tr>
<tr><td><b>Test method</b></td>
<td width="30%"><b>Exception</b></td>
<td width="10%"><b>Time (seconds)</b></td>
<td><b>Instance</b></td>
</tr>
<tr>
<td title='com.qt.qualithon.test.MovieSearchTest.testMovieMetadataOnWebHasCorrectDirectorName()'><b>testMovieMetadataOnWebHasCorrectDirectorName</b><br>Test class: com.qt.qualithon.test.MovieSearchTest<br>Parameters: A Clockwork Orange</td>
<td></td>
<td>22</td>
<td>com.qt.qualithon.test.MovieSearchTest@6737fd8f</td></tr>
<tr>
<td title='com.qt.qualithon.test.MovieSearchTest.testMovieMetadataOnWebHasCorrectDirectorName()'><b>testMovieMetadataOnWebHasCorrectDirectorName</b><br>Test class: com.qt.qualithon.test.MovieSearchTest<br>Parameters: The Dark Knight Rises</td>
<td></td>
<td>25</td>
<td>com.qt.qualithon.test.MovieSearchTest@6737fd8f</td></tr>
<tr>
<td title='com.qt.qualithon.test.RottenTomatoesMovieSearchTest.testMovieMetadataOnWebHasCorrectDirectorName()'><b>testMovieMetadataOnWebHasCorrectDirectorName</b><br>Test class: com.qt.qualithon.test.RottenTomatoesMovieSearchTest<br>Parameters: A Clockwork Orange</td>
<td></td>
<td>55</td>
<td>com.qt.qualithon.test.RottenTomatoesMovieSearchTest@72b6cbcc</td></tr>
<tr>
<td title='com.qt.qualithon.test.MovieSearchTest.testMovieMetadataOnWebHasCorrectGenres()'><b>testMovieMetadataOnWebHasCorrectGenres</b><br>Test class: com.qt.qualithon.test.MovieSearchTest<br>Parameters: A Clockwork Orange</td>
<td></td>
<td>22</td>
<td>com.qt.qualithon.test.MovieSearchTest@6737fd8f</td></tr>
<tr>
<td title='com.qt.qualithon.test.MovieSearchTest.testMovieMetadataOnWebHasCorrectGenres()'><b>testMovieMetadataOnWebHasCorrectGenres</b><br>Test class: com.qt.qualithon.test.MovieSearchTest<br>Parameters: The Dark Knight Rises</td>
<td></td>
<td>13</td>
<td>com.qt.qualithon.test.MovieSearchTest@6737fd8f</td></tr>
<tr>
<td title='com.qt.qualithon.test.MovieSearchTest.testMovieMetadataOnWebHasCorrectMaturityRating()'><b>testMovieMetadataOnWebHasCorrectMaturityRating</b><br>Test class: com.qt.qualithon.test.MovieSearchTest<br>Parameters: A Clockwork Orange</td>
<td></td>
<td>13</td>
<td>com.qt.qualithon.test.MovieSearchTest@6737fd8f</td></tr>
<tr>
<td title='com.qt.qualithon.test.MovieSearchTest.testMovieMetadataOnWebHasCorrectMovieRatingScore()'><b>testMovieMetadataOnWebHasCorrectMovieRatingScore</b><br>Test class: com.qt.qualithon.test.MovieSearchTest<br>Parameters: A Clockwork Orange</td>
<td></td>
<td>14</td>
<td>com.qt.qualithon.test.MovieSearchTest@6737fd8f</td></tr>
<tr>
<td title='com.qt.qualithon.test.MovieSearchTest.testMovieMetadataOnWebHasCorrectMovieRatingScore()'><b>testMovieMetadataOnWebHasCorrectMovieRatingScore</b><br>Test class: com.qt.qualithon.test.MovieSearchTest<br>Parameters: The Dark Knight Rises</td>
<td></td>
<td>13</td>
<td>com.qt.qualithon.test.MovieSearchTest@6737fd8f</td></tr>
<tr>
<td title='com.qt.qualithon.test.RottenTomatoesMovieSearchTest.testMovieMetadataOnWebHasCorrectMovieRatingScore()'><b>testMovieMetadataOnWebHasCorrectMovieRatingScore</b><br>Test class: com.qt.qualithon.test.RottenTomatoesMovieSearchTest<br>Parameters: A Clockwork Orange</td>
<td></td>
<td>54</td>
<td>com.qt.qualithon.test.RottenTomatoesMovieSearchTest@72b6cbcc</td></tr>
<tr>
<td title='com.qt.qualithon.test.MovieSearchTest.testMovieMetadataOnWebHasCorrectReleaseYear()'><b>testMovieMetadataOnWebHasCorrectReleaseYear</b><br>Test class: com.qt.qualithon.test.MovieSearchTest<br>Parameters: A Clockwork Orange</td>
<td></td>
<td>14</td>
<td>com.qt.qualithon.test.MovieSearchTest@6737fd8f</td></tr>
<tr>
<td title='com.qt.qualithon.test.MovieSearchTest.testMovieMetadataOnWebHasCorrectReleaseYear()'><b>testMovieMetadataOnWebHasCorrectReleaseYear</b><br>Test class: com.qt.qualithon.test.MovieSearchTest<br>Parameters: The Dark Knight Rises</td>
<td></td>
<td>14</td>
<td>com.qt.qualithon.test.MovieSearchTest@6737fd8f</td></tr>
<tr>
<td title='com.qt.qualithon.test.RottenTomatoesMovieSearchTest.testMovieMetadataOnWebHasCorrectReleaseYear()'><b>testMovieMetadataOnWebHasCorrectReleaseYear</b><br>Test class: com.qt.qualithon.test.RottenTomatoesMovieSearchTest<br>Parameters: A Clockwork Orange</td>
<td></td>
<td>54</td>
<td>com.qt.qualithon.test.RottenTomatoesMovieSearchTest@72b6cbcc</td></tr>
<tr>
<td title='com.qt.qualithon.test.MovieSearchTest.testMovieMetadataOnWebHasCorrectWriters()'><b>testMovieMetadataOnWebHasCorrectWriters</b><br>Test class: com.qt.qualithon.test.MovieSearchTest<br>Parameters: A Clockwork Orange</td>
<td></td>
<td>14</td>
<td>com.qt.qualithon.test.MovieSearchTest@6737fd8f</td></tr>
<tr>
<td title='com.qt.qualithon.test.MovieSearchTest.testMovieMetadataOnWebHasCorrectWriters()'><b>testMovieMetadataOnWebHasCorrectWriters</b><br>Test class: com.qt.qualithon.test.MovieSearchTest<br>Parameters: The Dark Knight Rises</td>
<td></td>
<td>14</td>
<td>com.qt.qualithon.test.MovieSearchTest@6737fd8f</td></tr>
<tr>
<td title='com.qt.qualithon.test.MovieSearchTest.testSearchByExactMovieTitleReturnsMovieAsFirstResult()'><b>testSearchByExactMovieTitleReturnsMovieAsFirstResult</b><br>Test class: com.qt.qualithon.test.MovieSearchTest<br>Parameters: A Clockwork Orange</td>
<td></td>
<td>15</td>
<td>com.qt.qualithon.test.MovieSearchTest@6737fd8f</td></tr>
<tr>
<td title='com.qt.qualithon.test.MovieSearchTest.testSearchByExactMovieTitleReturnsMovieAsFirstResult()'><b>testSearchByExactMovieTitleReturnsMovieAsFirstResult</b><br>Test class: com.qt.qualithon.test.MovieSearchTest<br>Parameters: The Dark Knight Rises</td>
<td></td>
<td>20</td>
<td>com.qt.qualithon.test.MovieSearchTest@6737fd8f</td></tr>
<tr>
<td title='com.qt.qualithon.test.RottenTomatoesMovieSearchTest.testSearchByExactMovieTitleReturnsMovieAsFirstResult()'><b>testSearchByExactMovieTitleReturnsMovieAsFirstResult</b><br>Test class: com.qt.qualithon.test.RottenTomatoesMovieSearchTest<br>Parameters: A Clockwork Orange</td>
<td></td>
<td>54</td>
<td>com.qt.qualithon.test.RottenTomatoesMovieSearchTest@72b6cbcc</td></tr>
</table><p>
</body>
</html>