<?xml version="1.0" encoding="UTF-8"?>
<!-- Generated by org.testng.reporters.JUnitReportReporter -->
<testsuite skipped="0" hostname="ShreyaPradhan" name="com.qt.qualithon.test.RottenTomatoesMovieSearchTest" tests="7" failures="3" timestamp="2022-02-20T22:24:28 NPT" time="392.822" errors="0">
  <testcase name="testMovieMetadataOnWebHasCorrectDirectorName" time="57.131" classname="com.qt.qualithon.test.RottenTomatoesMovieSearchTest"/>
  <system-out/>
  <testcase name="testMovieMetadataOnWebHasCorrectMovieRatingScore" time="56.717" classname="com.qt.qualithon.test.RottenTomatoesMovieSearchTest"/>
  <system-out/>
  <testcase name="testSearchByExactMovieTitleReturnsMovieAsFirstResult" time="55.757" classname="com.qt.qualithon.test.RottenTomatoesMovieSearchTest"/>
  <system-out/>
  <testcase name="testMovieMetadataOnWebHasCorrectGenres" time="56.140" classname="com.qt.qualithon.test.RottenTomatoesMovieSearchTest">
    <failure type="java.lang.AssertionError" message="
Expecting ArrayList:
  [&quot;Drama&quot;, &quot; Comedy&quot;]
to contain only:
  [&quot;Crime&quot;, &quot;Sci-Fi&quot;]
element(s) not found:
  [&quot;Crime&quot;, &quot;Sci-Fi&quot;]
and element(s) not expected:
  [&quot;Drama&quot;, &quot; Comedy&quot;]
">
      <![CDATA[java.lang.AssertionError: 
Expecting ArrayList:
  ["Drama", " Comedy"]
to contain only:
  ["Crime", "Sci-Fi"]
element(s) not found:
  ["Crime", "Sci-Fi"]
and element(s) not expected:
  ["Drama", " Comedy"]

at com.qt.qualithon.test.RottenTomatoesMovieSearchTest.testMovieMetadataOnWebHasCorrectGenres(RottenTomatoesMovieSearchTest.java:141)
at sun.reflect.NativeMethodAccessorImpl.invoke0(Native Method)
at sun.reflect.NativeMethodAccessorImpl.invoke(NativeMethodAccessorImpl.java:62)
at sun.reflect.DelegatingMethodAccessorImpl.invoke(DelegatingMethodAccessorImpl.java:43)
at java.lang.reflect.Method.invoke(Method.java:498)
at org.testng.internal.MethodInvocationHelper.invokeMethod(MethodInvocationHelper.java:132)
at org.testng.internal.TestInvoker.invokeMethod(TestInvoker.java:599)
at org.testng.internal.TestInvoker.invokeTestMethod(TestInvoker.java:174)
at org.testng.internal.MethodRunner.runInSequence(MethodRunner.java:46)
at org.testng.internal.TestInvoker$MethodInvocationAgent.invoke(TestInvoker.java:822)
at org.testng.internal.TestInvoker.invokeTestMethods(TestInvoker.java:147)
at org.testng.internal.TestMethodWorker.invokeTestMethods(TestMethodWorker.java:146)
at org.testng.internal.TestMethodWorker.run(TestMethodWorker.java:128)
at java.util.concurrent.ThreadPoolExecutor.runWorker(ThreadPoolExecutor.java:1149)
at java.util.concurrent.ThreadPoolExecutor$Worker.run(ThreadPoolExecutor.java:624)
at java.lang.Thread.run(Thread.java:748)
]]>
    </failure>
  </testcase> <!-- testMovieMetadataOnWebHasCorrectGenres -->
  <system-out/>
  <testcase name="testMovieMetadataOnWebHasCorrectReleaseYear" time="55.838" classname="com.qt.qualithon.test.RottenTomatoesMovieSearchTest"/>
  <system-out/>
  <testcase name="testMovieMetadataOnWebHasCorrectWriters" time="55.454" classname="com.qt.qualithon.test.RottenTomatoesMovieSearchTest">
    <failure type="java.lang.AssertionError" message="
Expecting ArrayList:
  [&quot;Stanley Kubrick&quot;]
to contain only:
  [&quot;Stanley Kubrick&quot;, &quot;Anthony Burgess&quot;]
but could not find the following element(s):
  [&quot;Anthony Burgess&quot;]
">
      <![CDATA[java.lang.AssertionError: 
Expecting ArrayList:
  ["Stanley Kubrick"]
to contain only:
  ["Stanley Kubrick", "Anthony Burgess"]
but could not find the following element(s):
  ["Anthony Burgess"]

at com.qt.qualithon.test.RottenTomatoesMovieSearchTest.testMovieMetadataOnWebHasCorrectWriters(RottenTomatoesMovieSearchTest.java:121)
at sun.reflect.NativeMethodAccessorImpl.invoke0(Native Method)
at sun.reflect.NativeMethodAccessorImpl.invoke(NativeMethodAccessorImpl.java:62)
at sun.reflect.DelegatingMethodAccessorImpl.invoke(DelegatingMethodAccessorImpl.java:43)
at java.lang.reflect.Method.invoke(Method.java:498)
at org.testng.internal.MethodInvocationHelper.invokeMethod(MethodInvocationHelper.java:132)
at org.testng.internal.TestInvoker.invokeMethod(TestInvoker.java:599)
at org.testng.internal.TestInvoker.invokeTestMethod(TestInvoker.java:174)
at org.testng.internal.MethodRunner.runInSequence(MethodRunner.java:46)
at org.testng.internal.TestInvoker$MethodInvocationAgent.invoke(TestInvoker.java:822)
at org.testng.internal.TestInvoker.invokeTestMethods(TestInvoker.java:147)
at org.testng.internal.TestMethodWorker.invokeTestMethods(TestMethodWorker.java:146)
at org.testng.internal.TestMethodWorker.run(TestMethodWorker.java:128)
at java.util.concurrent.ThreadPoolExecutor.runWorker(ThreadPoolExecutor.java:1149)
at java.util.concurrent.ThreadPoolExecutor$Worker.run(ThreadPoolExecutor.java:624)
at java.lang.Thread.run(Thread.java:748)
]]>
    </failure>
  </testcase> <!-- testMovieMetadataOnWebHasCorrectWriters -->
  <system-out/>
  <testcase name="testMovieMetadataOnWebHasCorrectMaturityRating" time="55.785" classname="com.qt.qualithon.test.RottenTomatoesMovieSearchTest">
    <failure type="org.junit.ComparisonFailure" message="expected:&lt;&quot;[X]&quot;&gt; but was:&lt;&quot;[R]&quot;&gt;">
      <![CDATA[org.junit.ComparisonFailure: expected:<"[X]"> but was:<"[R]">
at sun.reflect.NativeConstructorAccessorImpl.newInstance0(Native Method)
at sun.reflect.NativeConstructorAccessorImpl.newInstance(NativeConstructorAccessorImpl.java:62)
at sun.reflect.DelegatingConstructorAccessorImpl.newInstance(DelegatingConstructorAccessorImpl.java:45)
at com.qt.qualithon.test.RottenTomatoesMovieSearchTest.testMovieMetadataOnWebHasCorrectMaturityRating(RottenTomatoesMovieSearchTest.java:160)
at sun.reflect.NativeMethodAccessorImpl.invoke0(Native Method)
at sun.reflect.NativeMethodAccessorImpl.invoke(NativeMethodAccessorImpl.java:62)
at sun.reflect.DelegatingMethodAccessorImpl.invoke(DelegatingMethodAccessorImpl.java:43)
at java.lang.reflect.Method.invoke(Method.java:498)
at org.testng.internal.MethodInvocationHelper.invokeMethod(MethodInvocationHelper.java:132)
at org.testng.internal.TestInvoker.invokeMethod(TestInvoker.java:599)
at org.testng.internal.TestInvoker.invokeTestMethod(TestInvoker.java:174)
at org.testng.internal.MethodRunner.runInSequence(MethodRunner.java:46)
at org.testng.internal.TestInvoker$MethodInvocationAgent.invoke(TestInvoker.java:822)
at org.testng.internal.TestInvoker.invokeTestMethods(TestInvoker.java:147)
at org.testng.internal.TestMethodWorker.invokeTestMethods(TestMethodWorker.java:146)
at org.testng.internal.TestMethodWorker.run(TestMethodWorker.java:128)
at java.util.concurrent.ThreadPoolExecutor.runWorker(ThreadPoolExecutor.java:1149)
at java.util.concurrent.ThreadPoolExecutor$Worker.run(ThreadPoolExecutor.java:624)
at java.lang.Thread.run(Thread.java:748)
]]>
    </failure>
  </testcase> <!-- testMovieMetadataOnWebHasCorrectMaturityRating -->
  <system-out/>
</testsuite> <!-- com.qt.qualithon.test.RottenTomatoesMovieSearchTest -->
